<?xml version="1.0" encoding="UTF-8"?>
<testsuite xmlns:xsi="http://www.w3.org/2001/XMLSchema-instance" xsi:noNamespaceSchemaLocation="https://maven.apache.org/surefire/maven-surefire-plugin/xsd/surefire-test-report.xsd" name="com.project.property.PropertyAdminApplicationTests" time="6.148" tests="7" errors="0" skipped="0" failures="0">
  <properties>
[...]
</properties>
  <testcase name="testSQL" classname="com.project.property.PropertyAdminApplicationTests" time="0.246"/>
  <testcase name="testDate" classname="com.project.property.PropertyAdminApplicationTests" time="0.013"/>
  <testcase name="testIdCardHandle" classname="com.project.property.PropertyAdminApplicationTests" time="0.004"/>
  <testcase name="testDateStr" classname="com.project.property.PropertyAdminApplicationTests" time="0.038"/>
  <testcase name="contextLoads" classname="com.project.property.PropertyAdminApplicationTests" time="0.211"/>
  <testcase name="testSelect" classname="com.project.property.PropertyAdminApplicationTests" time="0.038"/>
  <testcase name="transactionAdviceConfig" classname="com.project.property.PropertyAdminApplicationTests" time="0.065"/>
</testsuite>